# JRE version: OpenJDK Runtime Environment (8.0_242-b08) (build 1.8.0_242-8u242-b08-0ubuntu3~18.04-b08)
# Java VM: OpenJDK 64-Bit Server VM (25.242-b08 mixed mode linux-amd64 compressed oops)
Heap:
 PSYoungGen      total 200192K, used 5888K [0x0000000782380000, 0x000000078ee80000, 0x00000007c0000000)
  eden space 192512K, 0% used [0x0000000782380000,0x0000000782380000,0x000000078df80000)
  from space 7680K, 76% used [0x000000078df80000,0x000000078e540020,0x000000078e700000)
  to   space 7680K, 0% used [0x000000078e700000,0x000000078e700000,0x000000078ee80000)
 ParOldGen       total 126976K, used 32K [0x0000000706a00000, 0x000000070e600000, 0x0000000782380000)
  object space 126976K, 0% used [0x0000000706a00000,0x0000000706a08000,0x000000070e600000)
 Metaspace       used 20525K, capacity 21108K, committed 21248K, reserved 1067008K
  class space    used 2564K, capacity 2734K, committed 2816K, reserved 1048576K
GC Heap History (9 events):
Event: 1.086 GC heap before
{Heap before GC invocations=1 (full 0):
 PSYoungGen      total 55808K, used 48128K [0x0000000782380000, 0x0000000786180000, 0x00000007c0000000)
  eden space 48128K, 100% used [0x0000000782380000,0x0000000785280000,0x0000000785280000)
  from space 7680K, 0% used [0x0000000785a00000,0x0000000785a00000,0x0000000786180000)
  to   space 7680K, 0% used [0x0000000785280000,0x0000000785280000,0x0000000785a00000)
 ParOldGen       total 126976K, used 0K [0x0000000706a00000, 0x000000070e600000, 0x0000000782380000)
  object space 126976K, 0% used [0x0000000706a00000,0x0000000706a00000,0x000000070e600000)
 Metaspace       used 5906K, capacity 6086K, committed 6400K, reserved 1056768K
  class space    used 615K, capacity 687K, committed 768K, reserved 1048576K
Event: 1.099 GC heap after
Heap after GC invocations=1 (full 0):
 PSYoungGen      total 55808K, used 2256K [0x0000000782380000, 0x0000000789080000, 0x00000007c0000000)
  eden space 48128K, 0% used [0x0000000782380000,0x0000000782380000,0x0000000785280000)
  from space 7680K, 29% used [0x0000000785280000,0x00000007854b4010,0x0000000785a00000)
  to   space 7680K, 0% used [0x0000000788900000,0x0000000788900000,0x0000000789080000)
 ParOldGen       total 126976K, used 8K [0x0000000706a00000, 0x000000070e600000, 0x0000000782380000)
  object space 126976K, 0% used [0x0000000706a00000,0x0000000706a02000,0x000000070e600000)
 Metaspace       used 5906K, capacity 6086K, committed 6400K, reserved 1056768K
  class space    used 615K, capacity 687K, committed 768K, reserved 1048576K
}
Event: 1.871 GC heap before
{Heap before GC invocations=2 (full 0):
 PSYoungGen      total 55808K, used 50384K [0x0000000782380000, 0x0000000789080000, 0x00000007c0000000)
  eden space 48128K, 100% used [0x0000000782380000,0x0000000785280000,0x0000000785280000)
  from space 7680K, 29% used [0x0000000785280000,0x00000007854b4010,0x0000000785a00000)
  to   space 7680K, 0% used [0x0000000788900000,0x0000000788900000,0x0000000789080000)
 ParOldGen       total 126976K, used 8K [0x0000000706a00000, 0x000000070e600000, 0x0000000782380000)
  object space 126976K, 0% used [0x0000000706a00000,0x0000000706a02000,0x000000070e600000)
 Metaspace       used 7755K, capacity 7998K, committed 8192K, reserved 1056768K
  class space    used 827K, capacity 919K, committed 1024K, reserved 1048576K
Event: 1.879 GC heap after
Heap after GC invocations=2 (full 0):
 PSYoungGen      total 103936K, used 2464K [0x0000000782380000, 0x0000000789080000, 0x00000007c0000000)
  eden space 96256K, 0% used [0x0000000782380000,0x0000000782380000,0x0000000788180000)
  from space 7680K, 32% used [0x0000000788900000,0x0000000788b68020,0x0000000789080000)
  to   space 7680K, 0% used [0x0000000788180000,0x0000000788180000,0x0000000788900000)
 ParOldGen       total 126976K, used 8K [0x0000000706a00000, 0x000000070e600000, 0x0000000782380000)
  object space 126976K, 0% used [0x0000000706a00000,0x0000000706a02000,0x000000070e600000)
 Metaspace       used 7755K, capacity 7998K, committed 8192K, reserved 1056768K
  class space    used 827K, capacity 919K, committed 1024K, reserved 1048576K
}
Event: 5.736 GC heap before
{Heap before GC invocations=3 (full 0):
 PSYoungGen      total 103936K, used 98720K [0x0000000782380000, 0x0000000789080000, 0x00000007c0000000)
  eden space 96256K, 100% used [0x0000000782380000,0x0000000788180000,0x0000000788180000)
  from space 7680K, 32% used [0x0000000788900000,0x0000000788b68020,0x0000000789080000)
  to   space 7680K, 0% used [0x0000000788180000,0x0000000788180000,0x0000000788900000)
 ParOldGen       total 126976K, used 8K [0x0000000706a00000, 0x000000070e600000, 0x0000000782380000)
  object space 126976K, 0% used [0x0000000706a00000,0x0000000706a02000,0x000000070e600000)
 Metaspace       used 11499K, capacity 11874K, committed 12032K, reserved 1060864K
  class space    used 1301K, capacity 1431K, committed 1536K, reserved 1048576K
Event: 5.837 GC heap after
Heap after GC invocations=3 (full 0):
 PSYoungGen      total 103936K, used 3584K [0x0000000782380000, 0x000000078ee80000, 0x00000007c0000000)
  eden space 96256K, 0% used [0x0000000782380000,0x0000000782380000,0x0000000788180000)
  from space 7680K, 46% used [0x0000000788180000,0x0000000788500000,0x0000000788900000)
  to   space 7680K, 0% used [0x000000078e700000,0x000000078e700000,0x000000078ee80000)
 ParOldGen       total 126976K, used 16K [0x0000000706a00000, 0x000000070e600000, 0x0000000782380000)
  object space 126976K, 0% used [0x0000000706a00000,0x0000000706a04000,0x000000070e600000)
 Metaspace       used 11499K, capacity 11874K, committed 12032K, reserved 1060864K
  class space    used 1301K, capacity 1431K, committed 1536K, reserved 1048576K
}
Event: 169.215 GC heap before
{Heap before GC invocations=4 (full 0):
 PSYoungGen      total 103936K, used 99840K [0x0000000782380000, 0x000000078ee80000, 0x00000007c0000000)
  eden space 96256K, 100% used [0x0000000782380000,0x0000000788180000,0x0000000788180000)
  from space 7680K, 46% used [0x0000000788180000,0x0000000788500000,0x0000000788900000)
  to   space 7680K, 0% used [0x000000078e700000,0x000000078e700000,0x000000078ee80000)
 ParOldGen       total 126976K, used 16K [0x0000000706a00000, 0x000000070e600000, 0x0000000782380000)
  object space 126976K, 0% used [0x0000000706a00000,0x0000000706a04000,0x000000070e600000)
 Metaspace       used 13336K, capacity 13764K, committed 13824K, reserved 1060864K
  class space    used 1635K, capacity 1776K, committed 1792K, reserved 1048576K
Event: 182.826 GC heap after
Heap after GC invocations=4 (full 0):
 PSYoungGen      total 200192K, used 4224K [0x0000000782380000, 0x000000078ee80000, 0x00000007c0000000)
  eden space 192512K, 0% used [0x0000000782380000,0x0000000782380000,0x000000078df80000)
  from space 7680K, 55% used [0x000000078e700000,0x000000078eb20000,0x000000078ee80000)
  to   space 7680K, 0% used [0x000000078df80000,0x000000078df80000,0x000000078e700000)
 ParOldGen       total 126976K, used 24K [0x0000000706a00000, 0x000000070e600000, 0x0000000782380000)
  object space 126976K, 0% used [0x0000000706a00000,0x0000000706a06000,0x000000070e600000)
 Metaspace       used 13336K, capacity 13764K, committed 13824K, reserved 1060864K
  class space    used 1635K, capacity 1776K, committed 1792K, reserved 1048576K
}
Event: 1161.015 GC heap before
{Heap before GC invocations=5 (full 0):
 PSYoungGen      total 200192K, used 155555K [0x0000000782380000, 0x000000078ee80000, 0x00000007c0000000)
  eden space 192512K, 78% used [0x0000000782380000,0x000000078b748d60,0x000000078df80000)
  from space 7680K, 55% used [0x000000078e700000,0x000000078eb20000,0x000000078ee80000)
  to   space 7680K, 0% used [0x000000078df80000,0x000000078df80000,0x000000078e700000)
 ParOldGen       total 126976K, used 24K [0x0000000706a00000, 0x000000070e600000, 0x0000000782380000)
  object space 126976K, 0% used [0x0000000706a00000,0x0000000706a06000,0x000000070e600000)
 Metaspace       used 20525K, capacity 21108K, committed 21248K, reserved 1067008K
  class space    used 2564K, capacity 2734K, committed 2816K, reserved 1048576K

