# JRE version: OpenJDK Runtime Environment (8.0_242-b08) (build 1.8.0_242-8u242-b08-0ubuntu3~18.04-b08)
# Java VM: OpenJDK 64-Bit Server VM (25.242-b08 mixed mode linux-amd64 compressed oops)
Heap:
 PSYoungGen      total 198144K, used 3136K [0x0000000782380000, 0x000000078eb80000, 0x00000007c0000000)
  eden space 192000K, 0% used [0x0000000782380000,0x0000000782380000,0x000000078df00000)
  from space 6144K, 51% used [0x000000078df00000,0x000000078e210020,0x000000078e500000)
  to   space 5632K, 0% used [0x000000078e500000,0x000000078e500000,0x000000078ea80000)
 ParOldGen       total 126976K, used 2854K [0x0000000706a00000, 0x000000070e600000, 0x0000000782380000)
  object space 126976K, 2% used [0x0000000706a00000,0x0000000706cc98e8,0x000000070e600000)
 Metaspace       used 20501K, capacity 21098K, committed 21248K, reserved 1067008K
  class space    used 2556K, capacity 2733K, committed 2816K, reserved 1048576K
GC Heap History (10 events):
Event: 2.037 GC heap after
Heap after GC invocations=2 (full 0):
 PSYoungGen      total 55808K, used 2951K [0x0000000782380000, 0x0000000789080000, 0x00000007c0000000)
  eden space 48128K, 0% used [0x0000000782380000,0x0000000782380000,0x0000000785280000)
  from space 7680K, 38% used [0x0000000785a00000,0x0000000785ce1d40,0x0000000786180000)
  to   space 7680K, 0% used [0x0000000785280000,0x0000000785280000,0x0000000785a00000)
 ParOldGen       total 126976K, used 16K [0x0000000706a00000, 0x000000070e600000, 0x0000000782380000)
  object space 126976K, 0% used [0x0000000706a00000,0x0000000706a04000,0x000000070e600000)
 Metaspace       used 9095K, capacity 9380K, committed 9600K, reserved 1058816K
  class space    used 1014K, capacity 1120K, committed 1152K, reserved 1048576K
}
Event: 3.560 GC heap before
{Heap before GC invocations=3 (full 0):
 PSYoungGen      total 55808K, used 51079K [0x0000000782380000, 0x0000000789080000, 0x00000007c0000000)
  eden space 48128K, 100% used [0x0000000782380000,0x0000000785280000,0x0000000785280000)
  from space 7680K, 38% used [0x0000000785a00000,0x0000000785ce1d40,0x0000000786180000)
  to   space 7680K, 0% used [0x0000000785280000,0x0000000785280000,0x0000000785a00000)
 ParOldGen       total 126976K, used 16K [0x0000000706a00000, 0x000000070e600000, 0x0000000782380000)
  object space 126976K, 0% used [0x0000000706a00000,0x0000000706a04000,0x000000070e600000)
 Metaspace       used 11525K, capacity 11868K, committed 12288K, reserved 1060864K
  class space    used 1312K, capacity 1430K, committed 1536K, reserved 1048576K
Event: 3.667 GC heap after
Heap after GC invocations=3 (full 0):
 PSYoungGen      total 55808K, used 3671K [0x0000000782380000, 0x0000000789080000, 0x00000007c0000000)
  eden space 48128K, 0% used [0x0000000782380000,0x0000000782380000,0x0000000785280000)
  from space 7680K, 47% used [0x0000000785280000,0x0000000785615d50,0x0000000785a00000)
  to   space 7680K, 0% used [0x0000000788900000,0x0000000788900000,0x0000000789080000)
 ParOldGen       total 126976K, used 24K [0x0000000706a00000, 0x000000070e600000, 0x0000000782380000)
  object space 126976K, 0% used [0x0000000706a00000,0x0000000706a06000,0x000000070e600000)
 Metaspace       used 11525K, capacity 11868K, committed 12288K, reserved 1060864K
  class space    used 1312K, capacity 1430K, committed 1536K, reserved 1048576K
}
Event: 7.215 GC heap before
{Heap before GC invocations=4 (full 0):
 PSYoungGen      total 55808K, used 51799K [0x0000000782380000, 0x0000000789080000, 0x00000007c0000000)
  eden space 48128K, 100% used [0x0000000782380000,0x0000000785280000,0x0000000785280000)
  from space 7680K, 47% used [0x0000000785280000,0x0000000785615d50,0x0000000785a00000)
  to   space 7680K, 0% used [0x0000000788900000,0x0000000788900000,0x0000000789080000)
 ParOldGen       total 126976K, used 24K [0x0000000706a00000, 0x000000070e600000, 0x0000000782380000)
  object space 126976K, 0% used [0x0000000706a00000,0x0000000706a06000,0x000000070e600000)
 Metaspace       used 12597K, capacity 12954K, committed 13184K, reserved 1060864K
  class space    used 1470K, capacity 1573K, committed 1664K, reserved 1048576K
Event: 7.350 GC heap after
Heap after GC invocations=4 (full 0):
 PSYoungGen      total 103936K, used 3835K [0x0000000782380000, 0x0000000789080000, 0x00000007c0000000)
  eden space 96256K, 0% used [0x0000000782380000,0x0000000782380000,0x0000000788180000)
  from space 7680K, 49% used [0x0000000788900000,0x0000000788cbec00,0x0000000789080000)
  to   space 7680K, 0% used [0x0000000788180000,0x0000000788180000,0x0000000788900000)
 ParOldGen       total 126976K, used 32K [0x0000000706a00000, 0x000000070e600000, 0x0000000782380000)
  object space 126976K, 0% used [0x0000000706a00000,0x0000000706a08000,0x000000070e600000)
 Metaspace       used 12597K, capacity 12954K, committed 13184K, reserved 1060864K
  class space    used 1470K, capacity 1573K, committed 1664K, reserved 1048576K
}
Event: 617.355 GC heap before
{Heap before GC invocations=5 (full 0):
 PSYoungGen      total 103936K, used 100091K [0x0000000782380000, 0x0000000789080000, 0x00000007c0000000)
  eden space 96256K, 100% used [0x0000000782380000,0x0000000788180000,0x0000000788180000)
  from space 7680K, 49% used [0x0000000788900000,0x0000000788cbec00,0x0000000789080000)
  to   space 7680K, 0% used [0x0000000788180000,0x0000000788180000,0x0000000788900000)
 ParOldGen       total 126976K, used 32K [0x0000000706a00000, 0x000000070e600000, 0x0000000782380000)
  object space 126976K, 0% used [0x0000000706a00000,0x0000000706a08000,0x000000070e600000)
 Metaspace       used 15116K, capacity 15570K, committed 15616K, reserved 1062912K
  class space    used 1896K, capacity 2023K, committed 2048K, reserved 1048576K
Event: 626.234 GC heap after
Heap after GC invocations=5 (full 0):
 PSYoungGen      total 103936K, used 4921K [0x0000000782380000, 0x000000078ea80000, 0x00000007c0000000)
  eden space 96256K, 0% used [0x0000000782380000,0x0000000782380000,0x0000000788180000)
  from space 7680K, 64% used [0x0000000788180000,0x000000078864e780,0x0000000788900000)
  to   space 5632K, 0% used [0x000000078e500000,0x000000078e500000,0x000000078ea80000)
 ParOldGen       total 126976K, used 40K [0x0000000706a00000, 0x000000070e600000, 0x0000000782380000)
  object space 126976K, 0% used [0x0000000706a00000,0x0000000706a0a000,0x000000070e600000)
 Metaspace       used 15116K, capacity 15570K, committed 15616K, reserved 1062912K
  class space    used 1896K, capacity 2023K, committed 2048K, reserved 1048576K
}
Event: 1150.098 GC heap before
{Heap before GC invocations=6 (full 0):
 PSYoungGen      total 103936K, used 101177K [0x0000000782380000, 0x000000078ea80000, 0x00000007c0000000)
  eden space 96256K, 100% used [0x0000000782380000,0x0000000788180000,0x0000000788180000)
  from space 7680K, 64% used [0x0000000788180000,0x000000078864e780,0x0000000788900000)
  to   space 5632K, 0% used [0x000000078e500000,0x000000078e500000,0x000000078ea80000)
 ParOldGen       total 126976K, used 84K [0x0000000706a00000, 0x000000070e600000, 0x0000000782380000)
  object space 126976K, 0% used [0x0000000706a00000,0x0000000706a152c8,0x000000070e600000)
 Metaspace       used 18816K, capacity 19344K, committed 19712K, reserved 1067008K
  class space    used 2321K, capacity 2470K, committed 2560K, reserved 1048576K
Event: 1150.185 GC heap after
Heap after GC invocations=6 (full 0):
 PSYoungGen      total 197632K, used 5417K [0x0000000782380000, 0x000000078eb80000, 0x00000007c0000000)
  eden space 192000K, 0% used [0x0000000782380000,0x0000000782380000,0x000000078df00000)
  from space 5632K, 96% used [0x000000078e500000,0x000000078ea4a7c0,0x000000078ea80000)
  to   space 6144K, 0% used [0x000000078df00000,0x000000078df00000,0x000000078e500000)
 ParOldGen       total 126976K, used 92K [0x0000000706a00000, 0x000000070e600000, 0x0000000782380000)
  object space 126976K, 0% used [0x0000000706a00000,0x0000000706a172c8,0x000000070e600000)
 Metaspace       used 18816K, capacity 19344K, committed 19712K, reserved 1067008K
  class space    used 2321K, capacity 2470K, committed 2560K, reserved 1048576K
}
Event: 1157.542 GC heap before
{Heap before GC invocations=7 (full 0):
 PSYoungGen      total 197632K, used 63613K [0x0000000782380000, 0x000000078eb80000, 0x00000007c0000000)
  eden space 192000K, 30% used [0x0000000782380000,0x0000000785c54e60,0x000000078df00000)
  from space 5632K, 96% used [0x000000078e500000,0x000000078ea4a7c0,0x000000078ea80000)
  to   space 6144K, 0% used [0x000000078df00000,0x000000078df00000,0x000000078e500000)
 ParOldGen       total 126976K, used 92K [0x0000000706a00000, 0x000000070e600000, 0x0000000782380000)
  object space 126976K, 0% used [0x0000000706a00000,0x0000000706a172c8,0x000000070e600000)
 Metaspace       used 20501K, capacity 21098K, committed 21248K, reserved 1067008K
  class space    used 2556K, capacity 2733K, committed 2816K, reserved 1048576K

